PLINK v1.90b6.24 64-bit (6 Jun 2021)
Options in effect:
  --file SOLine_dip_Marker_1065
  --hardy
  --out het/site_SOLine

Hostname: sonmi
Working directory: /share/home/hty/work/IId-cross-Single-Oocyst-24-10-01/het_dip
Start time: Thu Oct 10 19:39:53 2024

Random number seed: 1728560393
128043 MB RAM detected; reserving 64021 MB for main workspace.
Scanning .ped file... done.
Performing single-pass .bed write (1063 variants, 49 people).
--file: het/site_SOLine-temporary.bed + het/site_SOLine-temporary.bim +
het/site_SOLine-temporary.fam written.
1063 variants loaded from .bim file.
49 people (0 males, 0 females, 49 ambiguous) loaded from .fam.
Ambiguous sex IDs written to het/site_SOLine.nosex .
Using 1 thread (no multithreaded calculations invoked).
Before main variant filters, 49 founders and 0 nonfounders present.
Calculating allele frequencies... done.
Total genotyping rate is 0.999885.
--hardy: Writing Hardy-Weinberg report (founders only) to het/site_SOLine.hwe
... done.

End time: Thu Oct 10 19:39:53 2024
