beagle.18May20.d20.jar (version 5.1)
Copyright (C) 2014-2018 Brian L. Browning
Enter "java -jar beagle.18May20.d20.jar" to list command line argument
Start time: 04:55 PM CST on 04 Mar 2025

Command line: java -Xmx10240m -jar beagle.18May20.d20.jar
  gt=low_chr1.recode.vcf
  ne=8
  out=phasing/phasing_low_chr1
  nthreads=6

No genetic map is specified: using 1 cM = 1 Mb

Reference samples:           0
Study samples:              12

Window 1 (1:31104-855001)
Study markers:              28

Burnin  iteration 1:           0 seconds
Burnin  iteration 2:           0 seconds
Burnin  iteration 3:           0 seconds
Burnin  iteration 4:           0 seconds
Burnin  iteration 5:           0 seconds
Burnin  iteration 6:           0 seconds

Phasing iteration 1:           0 seconds
Phasing iteration 2:           0 seconds
Phasing iteration 3:           0 seconds
Phasing iteration 4:           0 seconds
Phasing iteration 5:           0 seconds
Phasing iteration 6:           0 seconds
Phasing iteration 7:           0 seconds
Phasing iteration 8:           0 seconds
Phasing iteration 9:           0 seconds
Phasing iteration 10:          0 seconds
Phasing iteration 11:          0 seconds
Phasing iteration 12:          0 seconds

Cumulative Statistics:

Study markers:              28

Haplotype phasing time:        0 seconds
Total time:                    1 second

End time: 04:55 PM CST on 04 Mar 2025
beagle.18May20.d20.jar finished
